Flutter crash report.
Please report a bug at https://github.com/flutter/flutter/issues.

## command

flutter run --machine --target lib\main.dart -d emulator-5554 --dart-define=flutter.inspector.structuredErrors=true --start-paused --web-server-debug-protocol ws --web-server-debug-backend-protocol ws --web-allow-expose-url --devtools-server-address http://127.0.0.1:9100/ --devtools-server-address http://127.0.0.1:9100/ --devtools-server-address http://127.0.0.1:9100/ --devtools-server-address http://127.0.0.1:9100/ --devtools-server-address http://127.0.0.1:9100/ --devtools-server-address http://127.0.0.1:9100/ --devtools-server-address http://127.0.0.1:9100/ --devtools-server-address http://127.0.0.1:9100/ --devtools-server-address http://127.0.0.1:9100/ --devtools-server-address http://127.0.0.1:9100/

## exception

NoSuchMethodError: NoSuchMethodError: The getter 'activeDevToolsServer' was called on null.
Receiver: null
Tried calling: activeDevToolsServer

```
#0      Object.noSuchMethod (dart:core-patch/object_patch.dart:54:5)
#1      ResidentRunner._callDevToolsUriExtension (package:flutter_tools/src/resident_runner.dart:1308:38)
<asynchronous suspension>
#2      Future.wait.<anonymous closure> (dart:async/future.dart)
<asynchronous suspension>
#3      ResidentRunner.maybeCallDevToolsUriServiceExtension (package:flutter_tools/src/resident_runner.dart:1291:7)
<asynchronous suspension>
```

## flutter doctor

```
[✓] Flutter (Channel dev, 1.26.0-17.1.pre, on Microsoft Windows [Version 10.0.19042.804], locale tr-TR)
    • Flutter version 1.26.0-17.1.pre at C:\src\flutter
    • Framework revision c40e5294dd (3 weeks ago), 2021-01-29 08:44:18 -0800
    • Engine revision 5d3477eab4
    • Dart version 2.12.0 (build 2.12.0-259.0.dev)

[✓] Android toolchain - develop for Android devices (Android SDK version 30.0.3)
    • Android SDK at C:\Users\mahir\AppData\Local\Android\Sdk
    • Platform android-30, build-tools 30.0.3
    • ANDROID_HOME = C:\Users\mahir\AppData\Local\Android\Sdk
    • ANDROID_SDK_ROOT = C:\Users\mahir\AppData\Local\Android\Sdk
    • Java binary at: C:\Program Files\Android\Android Studio\jre\bin\java
    • Java version OpenJDK Runtime Environment (build 1.8.0_242-release-1644-b01)
    • All Android licenses accepted.

[✓] Chrome - develop for the web
    • Chrome at C:\Program Files\Google\Chrome\Application\chrome.exe

[✓] Android Studio (version 4.1.0)
    • Android Studio at C:\Program Files\Android\Android Studio
    • Flutter plugin can be installed from:
      🔨 https://plugins.jetbrains.com/plugin/9212-flutter
    • Dart plugin can be installed from:
      🔨 https://plugins.jetbrains.com/plugin/6351-dart
    • Java version OpenJDK Runtime Environment (build 1.8.0_242-release-1644-b01)

[✓] VS Code (version 1.53.2)
    • VS Code at C:\Users\mahir\AppData\Local\Programs\Microsoft VS Code
    • Flutter extension version 3.19.0

[✓] Connected device (3 available)
    • sdk gphone x86 arm (mobile) • emulator-5554 • android-x86    • Android 11 (API 30) (emulator)
    • Chrome (web)                • chrome        • web-javascript • Google Chrome 88.0.4324.182
    • Edge (web)                  • edge          • web-javascript • Microsoft Edge 88.0.705.68

• No issues found!
```
